<?xml version="1.0" encoding="UTF-8"?>
<!-- Generated by org.testng.reporters.JUnitReportReporter -->
<testsuite hostname="DESKTOP-3JRUFPN" failures="0" tests="1" name="basics.Differences" time="2.748" errors="0" timestamp="2025-05-17T10:51:15 IST" skipped="0">
  <testcase classname="basics.Differences" name="demo" time="2.748"/>
</testsuite> <!-- basics.Differences -->
