<?xml version="1.0" encoding="UTF-8"?>
<!-- Generated by org.testng.reporters.JUnitReportReporter -->
<testsuite hostname="DESKTOP-3JRUFPN" failures="0" tests="1" name="com.kasua.testscript.AccountModule" time="0.017" errors="0" timestamp="2025-05-17T11:22:49 IST" skipped="0">
  <testcase classname="com.kasua.testscript.AccountModule" name="demo" time="0.017">
    <system-out>
      <![CDATA[AccountModule]]>
    </system-out>
  </testcase> <!-- demo -->
  <system-out>
    <![CDATA[AccountModule]]>
  </system-out>
</testsuite> <!-- com.kasua.testscript.AccountModule -->
