<?xml version="1.0" encoding="UTF-8"?>
<!-- Generated by org.testng.reporters.JUnitReportReporter -->
<testsuite hostname="DESKTOP-3JRUFPN" failures="0" tests="1" name="com.kasua.testscript.PriceBookModule" time="7.301" errors="0" timestamp="2025-05-16T11:43:15 IST" skipped="0">
  <testcase classname="com.kasua.testscript.PriceBookModule" name="createPriceBook" time="7.301">
    <system-out>
      <![CDATA[Romeo Juliet]]>
    </system-out>
  </testcase> <!-- createPriceBook -->
  <system-out>
    <![CDATA[login
Romeo Juliet
logOut
closeBrowser]]>
  </system-out>
</testsuite> <!-- com.kasua.testscript.PriceBookModule -->
